C:\USERS\ALEX\DROPBOX\JUNIOR\ADVANCED DATA STRUCTURES\PROJECT\PROJECT\DEBUG\SOURCE.OBJ
C:\USERS\ALEX\DROPBOX\JUNIOR\ADVANCED DATA STRUCTURES\PROJECT\PROJECT\DEBUG\VC110.PDB
C:\USERS\ALEX\DROPBOX\JUNIOR\ADVANCED DATA STRUCTURES\PROJECT\DEBUG\PROJECT.ILK
C:\USERS\ALEX\DROPBOX\JUNIOR\ADVANCED DATA STRUCTURES\PROJECT\DEBUG\PROJECT.EXE
C:\USERS\ALEX\DROPBOX\JUNIOR\ADVANCED DATA STRUCTURES\PROJECT\DEBUG\PROJECT.PDB
C:\Users\Alex\Dropbox\Junior\Advanced Data Structures\Project\Project\Debug\Source.obj
C:\Users\Alex\Dropbox\Junior\Advanced Data Structures\Project\Project\Debug\cl.command.1.tlog
C:\Users\Alex\Dropbox\Junior\Advanced Data Structures\Project\Project\Debug\CL.read.1.tlog
C:\Users\Alex\Dropbox\Junior\Advanced Data Structures\Project\Project\Debug\CL.write.1.tlog
C:\Users\Alex\Dropbox\Junior\Advanced Data Structures\Project\Project\Debug\link-cvtres.read.1.tlog
C:\Users\Alex\Dropbox\Junior\Advanced Data Structures\Project\Project\Debug\link-cvtres.write.1.tlog
C:\Users\Alex\Dropbox\Junior\Advanced Data Structures\Project\Project\Debug\link-rc.read.1.tlog
C:\Users\Alex\Dropbox\Junior\Advanced Data Structures\Project\Project\Debug\link-rc.write.1.tlog
C:\Users\Alex\Dropbox\Junior\Advanced Data Structures\Project\Project\Debug\link.1508-cvtres.read.1.tlog
C:\Users\Alex\Dropbox\Junior\Advanced Data Structures\Project\Project\Debug\link.1508-cvtres.write.1.tlog
C:\Users\Alex\Dropbox\Junior\Advanced Data Structures\Project\Project\Debug\link.1508-rc.read.1.tlog
C:\Users\Alex\Dropbox\Junior\Advanced Data Structures\Project\Project\Debug\link.1508-rc.write.1.tlog
C:\Users\Alex\Dropbox\Junior\Advanced Data Structures\Project\Project\Debug\link.1508.read.1.tlog
C:\Users\Alex\Dropbox\Junior\Advanced Data Structures\Project\Project\Debug\link.1508.write.1.tlog
C:\Users\Alex\Dropbox\Junior\Advanced Data Structures\Project\Project\Debug\link.4692-cvtres.read.1.tlog
C:\Users\Alex\Dropbox\Junior\Advanced Data Structures\Project\Project\Debug\link.4692-cvtres.write.1.tlog
C:\Users\Alex\Dropbox\Junior\Advanced Data Structures\Project\Project\Debug\link.4692-rc.read.1.tlog
C:\Users\Alex\Dropbox\Junior\Advanced Data Structures\Project\Project\Debug\link.4692-rc.write.1.tlog
C:\Users\Alex\Dropbox\Junior\Advanced Data Structures\Project\Project\Debug\link.4692.read.1.tlog
C:\Users\Alex\Dropbox\Junior\Advanced Data Structures\Project\Project\Debug\link.4692.write.1.tlog
C:\Users\Alex\Dropbox\Junior\Advanced Data Structures\Project\Project\Debug\link.6988-cvtres.read.1.tlog
C:\Users\Alex\Dropbox\Junior\Advanced Data Structures\Project\Project\Debug\link.6988-cvtres.write.1.tlog
C:\Users\Alex\Dropbox\Junior\Advanced Data Structures\Project\Project\Debug\link.6988-rc.read.1.tlog
C:\Users\Alex\Dropbox\Junior\Advanced Data Structures\Project\Project\Debug\link.6988-rc.write.1.tlog
C:\Users\Alex\Dropbox\Junior\Advanced Data Structures\Project\Project\Debug\link.6988.read.1.tlog
C:\Users\Alex\Dropbox\Junior\Advanced Data Structures\Project\Project\Debug\link.6988.write.1.tlog
C:\Users\Alex\Dropbox\Junior\Advanced Data Structures\Project\Project\Debug\link.command.1.tlog
C:\Users\Alex\Dropbox\Junior\Advanced Data Structures\Project\Project\Debug\link.read.1.tlog
C:\Users\Alex\Dropbox\Junior\Advanced Data Structures\Project\Project\Debug\link.write.1.tlog
C:\Users\Alex\Dropbox\Junior\Advanced Data Structures\Project\Project\Debug\vc110.idb
C:\Users\Alex\Dropbox\Junior\Advanced Data Structures\Project\Project\Debug\vc110.pdb
C:\Users\Alex\Dropbox\Junior\Advanced Data Structures\Project\Debug\Project.pdb
C:\Users\Alex\Dropbox\Junior\Advanced Data Structures\Project\Debug\Project.exe
C:\Users\Alex\Dropbox\Junior\Advanced Data Structures\Project\Debug\Project.ilk
